find_header: checking for sqlite3.h... -------------------- yes

"x86_64-pc-linux-gnu-gcc -o conftest -I/usr/include/ruby-1.9.1/x86_64-linux -I/usr/include/ruby-1.9.1/ruby/backward -I/usr/include/ruby-1.9.1 -I.    -O2 -pipe -fno-strict-aliasing -fPIC conftest.c  -L. -L/usr/lib64 -Wl,-R/usr/lib64 -L. -Wl,-O1 -Wl,--as-needed -rdynamic -Wl,-export-dynamic -Wl,--no-undefined     -Wl,-R -Wl,/usr/lib64 -L/usr/lib64 -lruby19  -lpthread -lrt -ldl -lcrypt -lm   -lc"
checked program was:
/* begin */
1: #include "ruby.h"
2: 
3: int main() {return 0;}
/* end */

"x86_64-pc-linux-gnu-gcc -E -I/usr/include/ruby-1.9.1/x86_64-linux -I/usr/include/ruby-1.9.1/ruby/backward -I/usr/include/ruby-1.9.1 -I.    -O2 -pipe -fno-strict-aliasing -fPIC  conftest.c -o conftest.i"
checked program was:
/* begin */
1: #include "ruby.h"
2: 
3: #include <sqlite3.h>
/* end */

--------------------

find_library: checking for sqlite3_libversion_number() in -lsqlite3... -------------------- yes

"x86_64-pc-linux-gnu-gcc -o conftest -I/usr/include/ruby-1.9.1/x86_64-linux -I/usr/include/ruby-1.9.1/ruby/backward -I/usr/include/ruby-1.9.1 -I.    -O2 -pipe -fno-strict-aliasing -fPIC conftest.c  -L. -L/usr/lib64 -Wl,-R/usr/lib64 -L. -Wl,-O1 -Wl,--as-needed -rdynamic -Wl,-export-dynamic -Wl,--no-undefined     -Wl,-R -Wl,/usr/lib64 -L/usr/lib64 -lruby19 -lsqlite3  -lpthread -lrt -ldl -lcrypt -lm   -lc"
conftest.c: In function 't':
conftest.c:5:53: error: 'sqlite3_libversion_number' undeclared (first use in this function)
conftest.c:5:53: note: each undeclared identifier is reported only once for each function it appears in
checked program was:
/* begin */
1: #include "ruby.h"
2: 
3: /*top*/
4: int main() {return 0;}
5: int t() { void ((*volatile p)()); p = (void ((*)()))sqlite3_libversion_number; return 0; }
/* end */

"x86_64-pc-linux-gnu-gcc -o conftest -I/usr/include/ruby-1.9.1/x86_64-linux -I/usr/include/ruby-1.9.1/ruby/backward -I/usr/include/ruby-1.9.1 -I.    -O2 -pipe -fno-strict-aliasing -fPIC conftest.c  -L. -L/usr/lib64 -Wl,-R/usr/lib64 -L. -Wl,-O1 -Wl,--as-needed -rdynamic -Wl,-export-dynamic -Wl,--no-undefined     -Wl,-R -Wl,/usr/lib64 -L/usr/lib64 -lruby19 -lsqlite3  -lpthread -lrt -ldl -lcrypt -lm   -lc"
checked program was:
/* begin */
1: #include "ruby.h"
2: 
3: /*top*/
4: int main() {return 0;}
5: int t() { sqlite3_libversion_number(); return 0; }
/* end */

--------------------

have_func: checking for rb_proc_arity()... -------------------- yes

"x86_64-pc-linux-gnu-gcc -o conftest -I/usr/include/ruby-1.9.1/x86_64-linux -I/usr/include/ruby-1.9.1/ruby/backward -I/usr/include/ruby-1.9.1 -I.    -O2 -pipe -fno-strict-aliasing -fPIC conftest.c  -L. -L/usr/lib64 -Wl,-R/usr/lib64 -L. -Wl,-O1 -Wl,--as-needed -rdynamic -Wl,-export-dynamic -Wl,--no-undefined    -lsqlite3  -Wl,-R -Wl,/usr/lib64 -L/usr/lib64 -lruby19 -lsqlite3  -lpthread -lrt -ldl -lcrypt -lm   -lc"
checked program was:
/* begin */
1: #include "ruby.h"
2: 
3: /*top*/
4: int main() {return 0;}
5: int t() { void ((*volatile p)()); p = (void ((*)()))rb_proc_arity; return 0; }
/* end */

--------------------

have_func: checking for sqlite3_initialize()... -------------------- yes

"x86_64-pc-linux-gnu-gcc -o conftest -I/usr/include/ruby-1.9.1/x86_64-linux -I/usr/include/ruby-1.9.1/ruby/backward -I/usr/include/ruby-1.9.1 -I.    -O2 -pipe -fno-strict-aliasing -fPIC conftest.c  -L. -L/usr/lib64 -Wl,-R/usr/lib64 -L. -Wl,-O1 -Wl,--as-needed -rdynamic -Wl,-export-dynamic -Wl,--no-undefined    -lsqlite3  -Wl,-R -Wl,/usr/lib64 -L/usr/lib64 -lruby19 -lsqlite3  -lpthread -lrt -ldl -lcrypt -lm   -lc"
conftest.c: In function 't':
conftest.c:5:53: error: 'sqlite3_initialize' undeclared (first use in this function)
conftest.c:5:53: note: each undeclared identifier is reported only once for each function it appears in
checked program was:
/* begin */
1: #include "ruby.h"
2: 
3: /*top*/
4: int main() {return 0;}
5: int t() { void ((*volatile p)()); p = (void ((*)()))sqlite3_initialize; return 0; }
/* end */

"x86_64-pc-linux-gnu-gcc -o conftest -I/usr/include/ruby-1.9.1/x86_64-linux -I/usr/include/ruby-1.9.1/ruby/backward -I/usr/include/ruby-1.9.1 -I.    -O2 -pipe -fno-strict-aliasing -fPIC conftest.c  -L. -L/usr/lib64 -Wl,-R/usr/lib64 -L. -Wl,-O1 -Wl,--as-needed -rdynamic -Wl,-export-dynamic -Wl,--no-undefined    -lsqlite3  -Wl,-R -Wl,/usr/lib64 -L/usr/lib64 -lruby19 -lsqlite3  -lpthread -lrt -ldl -lcrypt -lm   -lc"
checked program was:
/* begin */
1: #include "ruby.h"
2: 
3: /*top*/
4: int main() {return 0;}
5: int t() { sqlite3_initialize(); return 0; }
/* end */

--------------------

have_func: checking for sqlite3_backup_init()... -------------------- yes

"x86_64-pc-linux-gnu-gcc -o conftest -I/usr/include/ruby-1.9.1/x86_64-linux -I/usr/include/ruby-1.9.1/ruby/backward -I/usr/include/ruby-1.9.1 -I.    -O2 -pipe -fno-strict-aliasing -fPIC conftest.c  -L. -L/usr/lib64 -Wl,-R/usr/lib64 -L. -Wl,-O1 -Wl,--as-needed -rdynamic -Wl,-export-dynamic -Wl,--no-undefined    -lsqlite3  -Wl,-R -Wl,/usr/lib64 -L/usr/lib64 -lruby19 -lsqlite3  -lpthread -lrt -ldl -lcrypt -lm   -lc"
conftest.c: In function 't':
conftest.c:5:53: error: 'sqlite3_backup_init' undeclared (first use in this function)
conftest.c:5:53: note: each undeclared identifier is reported only once for each function it appears in
checked program was:
/* begin */
1: #include "ruby.h"
2: 
3: /*top*/
4: int main() {return 0;}
5: int t() { void ((*volatile p)()); p = (void ((*)()))sqlite3_backup_init; return 0; }
/* end */

"x86_64-pc-linux-gnu-gcc -o conftest -I/usr/include/ruby-1.9.1/x86_64-linux -I/usr/include/ruby-1.9.1/ruby/backward -I/usr/include/ruby-1.9.1 -I.    -O2 -pipe -fno-strict-aliasing -fPIC conftest.c  -L. -L/usr/lib64 -Wl,-R/usr/lib64 -L. -Wl,-O1 -Wl,--as-needed -rdynamic -Wl,-export-dynamic -Wl,--no-undefined    -lsqlite3  -Wl,-R -Wl,/usr/lib64 -L/usr/lib64 -lruby19 -lsqlite3  -lpthread -lrt -ldl -lcrypt -lm   -lc"
checked program was:
/* begin */
1: #include "ruby.h"
2: 
3: /*top*/
4: int main() {return 0;}
5: int t() { sqlite3_backup_init(); return 0; }
/* end */

--------------------

have_func: checking for sqlite3_column_database_name()... -------------------- yes

"x86_64-pc-linux-gnu-gcc -o conftest -I/usr/include/ruby-1.9.1/x86_64-linux -I/usr/include/ruby-1.9.1/ruby/backward -I/usr/include/ruby-1.9.1 -I.    -O2 -pipe -fno-strict-aliasing -fPIC conftest.c  -L. -L/usr/lib64 -Wl,-R/usr/lib64 -L. -Wl,-O1 -Wl,--as-needed -rdynamic -Wl,-export-dynamic -Wl,--no-undefined    -lsqlite3  -Wl,-R -Wl,/usr/lib64 -L/usr/lib64 -lruby19 -lsqlite3  -lpthread -lrt -ldl -lcrypt -lm   -lc"
conftest.c: In function 't':
conftest.c:5:53: error: 'sqlite3_column_database_name' undeclared (first use in this function)
conftest.c:5:53: note: each undeclared identifier is reported only once for each function it appears in
checked program was:
/* begin */
1: #include "ruby.h"
2: 
3: /*top*/
4: int main() {return 0;}
5: int t() { void ((*volatile p)()); p = (void ((*)()))sqlite3_column_database_name; return 0; }
/* end */

"x86_64-pc-linux-gnu-gcc -o conftest -I/usr/include/ruby-1.9.1/x86_64-linux -I/usr/include/ruby-1.9.1/ruby/backward -I/usr/include/ruby-1.9.1 -I.    -O2 -pipe -fno-strict-aliasing -fPIC conftest.c  -L. -L/usr/lib64 -Wl,-R/usr/lib64 -L. -Wl,-O1 -Wl,--as-needed -rdynamic -Wl,-export-dynamic -Wl,--no-undefined    -lsqlite3  -Wl,-R -Wl,/usr/lib64 -L/usr/lib64 -lruby19 -lsqlite3  -lpthread -lrt -ldl -lcrypt -lm   -lc"
checked program was:
/* begin */
1: #include "ruby.h"
2: 
3: /*top*/
4: int main() {return 0;}
5: int t() { sqlite3_column_database_name(); return 0; }
/* end */

--------------------

have_func: checking for sqlite3_enable_load_extension()... -------------------- yes

"x86_64-pc-linux-gnu-gcc -o conftest -I/usr/include/ruby-1.9.1/x86_64-linux -I/usr/include/ruby-1.9.1/ruby/backward -I/usr/include/ruby-1.9.1 -I.    -O2 -pipe -fno-strict-aliasing -fPIC conftest.c  -L. -L/usr/lib64 -Wl,-R/usr/lib64 -L. -Wl,-O1 -Wl,--as-needed -rdynamic -Wl,-export-dynamic -Wl,--no-undefined    -lsqlite3  -Wl,-R -Wl,/usr/lib64 -L/usr/lib64 -lruby19 -lsqlite3  -lpthread -lrt -ldl -lcrypt -lm   -lc"
conftest.c: In function 't':
conftest.c:5:53: error: 'sqlite3_enable_load_extension' undeclared (first use in this function)
conftest.c:5:53: note: each undeclared identifier is reported only once for each function it appears in
checked program was:
/* begin */
1: #include "ruby.h"
2: 
3: /*top*/
4: int main() {return 0;}
5: int t() { void ((*volatile p)()); p = (void ((*)()))sqlite3_enable_load_extension; return 0; }
/* end */

"x86_64-pc-linux-gnu-gcc -o conftest -I/usr/include/ruby-1.9.1/x86_64-linux -I/usr/include/ruby-1.9.1/ruby/backward -I/usr/include/ruby-1.9.1 -I.    -O2 -pipe -fno-strict-aliasing -fPIC conftest.c  -L. -L/usr/lib64 -Wl,-R/usr/lib64 -L. -Wl,-O1 -Wl,--as-needed -rdynamic -Wl,-export-dynamic -Wl,--no-undefined    -lsqlite3  -Wl,-R -Wl,/usr/lib64 -L/usr/lib64 -lruby19 -lsqlite3  -lpthread -lrt -ldl -lcrypt -lm   -lc"
checked program was:
/* begin */
1: #include "ruby.h"
2: 
3: /*top*/
4: int main() {return 0;}
5: int t() { sqlite3_enable_load_extension(); return 0; }
/* end */

--------------------

have_func: checking for sqlite3_load_extension()... -------------------- yes

"x86_64-pc-linux-gnu-gcc -o conftest -I/usr/include/ruby-1.9.1/x86_64-linux -I/usr/include/ruby-1.9.1/ruby/backward -I/usr/include/ruby-1.9.1 -I.    -O2 -pipe -fno-strict-aliasing -fPIC conftest.c  -L. -L/usr/lib64 -Wl,-R/usr/lib64 -L. -Wl,-O1 -Wl,--as-needed -rdynamic -Wl,-export-dynamic -Wl,--no-undefined    -lsqlite3  -Wl,-R -Wl,/usr/lib64 -L/usr/lib64 -lruby19 -lsqlite3  -lpthread -lrt -ldl -lcrypt -lm   -lc"
conftest.c: In function 't':
conftest.c:5:53: error: 'sqlite3_load_extension' undeclared (first use in this function)
conftest.c:5:53: note: each undeclared identifier is reported only once for each function it appears in
checked program was:
/* begin */
1: #include "ruby.h"
2: 
3: /*top*/
4: int main() {return 0;}
5: int t() { void ((*volatile p)()); p = (void ((*)()))sqlite3_load_extension; return 0; }
/* end */

"x86_64-pc-linux-gnu-gcc -o conftest -I/usr/include/ruby-1.9.1/x86_64-linux -I/usr/include/ruby-1.9.1/ruby/backward -I/usr/include/ruby-1.9.1 -I.    -O2 -pipe -fno-strict-aliasing -fPIC conftest.c  -L. -L/usr/lib64 -Wl,-R/usr/lib64 -L. -Wl,-O1 -Wl,--as-needed -rdynamic -Wl,-export-dynamic -Wl,--no-undefined    -lsqlite3  -Wl,-R -Wl,/usr/lib64 -L/usr/lib64 -lruby19 -lsqlite3  -lpthread -lrt -ldl -lcrypt -lm   -lc"
checked program was:
/* begin */
1: #include "ruby.h"
2: 
3: /*top*/
4: int main() {return 0;}
5: int t() { sqlite3_load_extension(); return 0; }
/* end */

--------------------

have_func: checking for sqlite3_open_v2()... -------------------- yes

"x86_64-pc-linux-gnu-gcc -o conftest -I/usr/include/ruby-1.9.1/x86_64-linux -I/usr/include/ruby-1.9.1/ruby/backward -I/usr/include/ruby-1.9.1 -I.    -O2 -pipe -fno-strict-aliasing -fPIC conftest.c  -L. -L/usr/lib64 -Wl,-R/usr/lib64 -L. -Wl,-O1 -Wl,--as-needed -rdynamic -Wl,-export-dynamic -Wl,--no-undefined    -lsqlite3  -Wl,-R -Wl,/usr/lib64 -L/usr/lib64 -lruby19 -lsqlite3  -lpthread -lrt -ldl -lcrypt -lm   -lc"
conftest.c: In function 't':
conftest.c:5:53: error: 'sqlite3_open_v2' undeclared (first use in this function)
conftest.c:5:53: note: each undeclared identifier is reported only once for each function it appears in
checked program was:
/* begin */
1: #include "ruby.h"
2: 
3: /*top*/
4: int main() {return 0;}
5: int t() { void ((*volatile p)()); p = (void ((*)()))sqlite3_open_v2; return 0; }
/* end */

"x86_64-pc-linux-gnu-gcc -o conftest -I/usr/include/ruby-1.9.1/x86_64-linux -I/usr/include/ruby-1.9.1/ruby/backward -I/usr/include/ruby-1.9.1 -I.    -O2 -pipe -fno-strict-aliasing -fPIC conftest.c  -L. -L/usr/lib64 -Wl,-R/usr/lib64 -L. -Wl,-O1 -Wl,--as-needed -rdynamic -Wl,-export-dynamic -Wl,--no-undefined    -lsqlite3  -Wl,-R -Wl,/usr/lib64 -L/usr/lib64 -lruby19 -lsqlite3  -lpthread -lrt -ldl -lcrypt -lm   -lc"
checked program was:
/* begin */
1: #include "ruby.h"
2: 
3: /*top*/
4: int main() {return 0;}
5: int t() { sqlite3_open_v2(); return 0; }
/* end */

--------------------

have_func: checking for sqlite3_prepare_v2()... -------------------- yes

"x86_64-pc-linux-gnu-gcc -o conftest -I/usr/include/ruby-1.9.1/x86_64-linux -I/usr/include/ruby-1.9.1/ruby/backward -I/usr/include/ruby-1.9.1 -I.    -O2 -pipe -fno-strict-aliasing -fPIC conftest.c  -L. -L/usr/lib64 -Wl,-R/usr/lib64 -L. -Wl,-O1 -Wl,--as-needed -rdynamic -Wl,-export-dynamic -Wl,--no-undefined    -lsqlite3  -Wl,-R -Wl,/usr/lib64 -L/usr/lib64 -lruby19 -lsqlite3  -lpthread -lrt -ldl -lcrypt -lm   -lc"
conftest.c: In function 't':
conftest.c:5:53: error: 'sqlite3_prepare_v2' undeclared (first use in this function)
conftest.c:5:53: note: each undeclared identifier is reported only once for each function it appears in
checked program was:
/* begin */
1: #include "ruby.h"
2: 
3: /*top*/
4: int main() {return 0;}
5: int t() { void ((*volatile p)()); p = (void ((*)()))sqlite3_prepare_v2; return 0; }
/* end */

"x86_64-pc-linux-gnu-gcc -o conftest -I/usr/include/ruby-1.9.1/x86_64-linux -I/usr/include/ruby-1.9.1/ruby/backward -I/usr/include/ruby-1.9.1 -I.    -O2 -pipe -fno-strict-aliasing -fPIC conftest.c  -L. -L/usr/lib64 -Wl,-R/usr/lib64 -L. -Wl,-O1 -Wl,--as-needed -rdynamic -Wl,-export-dynamic -Wl,--no-undefined    -lsqlite3  -Wl,-R -Wl,/usr/lib64 -L/usr/lib64 -lruby19 -lsqlite3  -lpthread -lrt -ldl -lcrypt -lm   -lc"
checked program was:
/* begin */
1: #include "ruby.h"
2: 
3: /*top*/
4: int main() {return 0;}
5: int t() { sqlite3_prepare_v2(); return 0; }
/* end */

--------------------

have_type: checking for sqlite3_int64 in sqlite3.h... -------------------- yes

"x86_64-pc-linux-gnu-gcc -I/usr/include/ruby-1.9.1/x86_64-linux -I/usr/include/ruby-1.9.1/ruby/backward -I/usr/include/ruby-1.9.1 -I.    -O2 -pipe -fno-strict-aliasing -fPIC   -c conftest.c"
checked program was:
/* begin */
1: #include "ruby.h"
2: 
3: #include <sqlite3.h>
4: 
5: /*top*/
6: typedef sqlite3_int64 conftest_type;
7: int conftestval[sizeof(conftest_type)?1:-1];
/* end */

--------------------

have_type: checking for sqlite3_uint64 in sqlite3.h... -------------------- yes

"x86_64-pc-linux-gnu-gcc -I/usr/include/ruby-1.9.1/x86_64-linux -I/usr/include/ruby-1.9.1/ruby/backward -I/usr/include/ruby-1.9.1 -I.    -O2 -pipe -fno-strict-aliasing -fPIC   -c conftest.c"
checked program was:
/* begin */
1: #include "ruby.h"
2: 
3: #include <sqlite3.h>
4: 
5: /*top*/
6: typedef sqlite3_uint64 conftest_type;
7: int conftestval[sizeof(conftest_type)?1:-1];
/* end */

--------------------

